[INFO  - 2019-08-19T02:19:03.537Z] GhostDriver - Main - running on port 4087
[INFO  - 2019-08-19T02:19:05.698Z] Session [b7ed8320-c227-11e9-ac53-ef77bfa33618] - page.settings - {"XSSAuditingEnabled":false,"javascriptCanCloseWindows":true,"javascriptCanOpenWindows":true,"javascriptEnabled":true,"loadImages":true,"localToRemoteUrlAccessEnabled":false,"userAgent":"Mozilla/5.0 (Windows NT 10.0; WOW64) AppleWebKit/537.36 (KHTML, like Gecko) Chrome/62.0.3202.94 Safari/537.36","webSecurityEnabled":true}
[INFO  - 2019-08-19T02:19:05.698Z] Session [b7ed8320-c227-11e9-ac53-ef77bfa33618] - page.customHeaders:  - {}
[INFO  - 2019-08-19T02:19:05.699Z] Session [b7ed8320-c227-11e9-ac53-ef77bfa33618] - Session.negotiatedCapabilities - {"browserName":"phantomjs","version":"2.1.1","driverName":"ghostdriver","driverVersion":"1.2.0","platform":"windows-10-32bit","javascriptEnabled":true,"takesScreenshot":true,"handlesAlerts":false,"databaseEnabled":false,"locationContextEnabled":false,"applicationCacheEnabled":false,"browserConnectionEnabled":false,"cssSelectorsEnabled":true,"webStorageEnabled":false,"rotatable":false,"acceptSslCerts":false,"nativeEvents":true,"proxy":{"proxyType":"direct"},"phantomjs.page.settings.userAgent":"Mozilla/5.0 (Windows NT 10.0; WOW64) AppleWebKit/537.36 (KHTML, like Gecko) Chrome/62.0.3202.94 Safari/537.36"}
[INFO  - 2019-08-19T02:19:05.699Z] SessionManagerReqHand - _postNewSessionCommand - New Session Created: b7ed8320-c227-11e9-ac53-ef77bfa33618
[ERROR - 2019-08-19T02:19:07.577Z] Session [b7ed8320-c227-11e9-ac53-ef77bfa33618] - page.onError - msg: TypeError: null is not an object (near '...*\/\*([^]*)\*\/\}$/)[1];...')

  phantomjs://platform/console++.js:263 in error
[ERROR - 2019-08-19T02:19:07.577Z] Session [b7ed8320-c227-11e9-ac53-ef77bfa33618] - page.onError - stack:
  (anonymous function) (https://cdn.bjdp2p.com/web/cn/17bjd/topfot/navHd.js?0.3731700178060533:89)
  c (https://cdn.bjdp2p.com/web/cn/images/index3/share/jquery-1.9.1.min.js:3)
  fireWith (https://cdn.bjdp2p.com/web/cn/images/index3/share/jquery-1.9.1.min.js:3)
  ready (https://cdn.bjdp2p.com/web/cn/images/index3/share/jquery-1.9.1.min.js:3)
  H (https://cdn.bjdp2p.com/web/cn/images/index3/share/jquery-1.9.1.min.js:3)

  phantomjs://platform/console++.js:263 in error
[ERROR - 2019-08-19T02:19:09.755Z] Session [b7ed8320-c227-11e9-ac53-ef77bfa33618] - page.onError - msg: TypeError: null is not an object (near '...*\/\*([^]*)\*\/\}$/)[1];...')

  phantomjs://platform/console++.js:263 in error
[ERROR - 2019-08-19T02:19:09.755Z] Session [b7ed8320-c227-11e9-ac53-ef77bfa33618] - page.onError - stack:
  (anonymous function) (https://cdn.bjdp2p.com/web/cn/17bjd/topfot/navHd.js?0.8569934110631617:89)
  c (https://cdn.bjdp2p.com/web/cn/images/index3/share/jquery-1.9.1.min.js:3)
  fireWith (https://cdn.bjdp2p.com/web/cn/images/index3/share/jquery-1.9.1.min.js:3)
  ready (https://cdn.bjdp2p.com/web/cn/images/index3/share/jquery-1.9.1.min.js:3)
  H (https://cdn.bjdp2p.com/web/cn/images/index3/share/jquery-1.9.1.min.js:3)

  phantomjs://platform/console++.js:263 in error
[ERROR - 2019-08-19T02:19:12.199Z] Session [b7ed8320-c227-11e9-ac53-ef77bfa33618] - page.onError - msg: TypeError: null is not an object (near '...*\/\*([^]*)\*\/\}$/)[1];...')

  phantomjs://platform/console++.js:263 in error
[ERROR - 2019-08-19T02:19:12.199Z] Session [b7ed8320-c227-11e9-ac53-ef77bfa33618] - page.onError - stack:
  (anonymous function) (https://cdn.bjdp2p.com/web/cn/17bjd/topfot/navHd.js?0.2925859269455805:89)
  c (https://cdn.bjdp2p.com/web/cn/images/index3/share/jquery-1.9.1.min.js:3)
  fireWith (https://cdn.bjdp2p.com/web/cn/images/index3/share/jquery-1.9.1.min.js:3)
  ready (https://cdn.bjdp2p.com/web/cn/images/index3/share/jquery-1.9.1.min.js:3)
  H (https://cdn.bjdp2p.com/web/cn/images/index3/share/jquery-1.9.1.min.js:3)

  phantomjs://platform/console++.js:263 in error
[ERROR - 2019-08-19T02:19:15.106Z] Session [b7ed8320-c227-11e9-ac53-ef77bfa33618] - page.onError - msg: TypeError: null is not an object (near '...*\/\*([^]*)\*\/\}$/)[1];...')

  phantomjs://platform/console++.js:263 in error
[ERROR - 2019-08-19T02:19:15.106Z] Session [b7ed8320-c227-11e9-ac53-ef77bfa33618] - page.onError - stack:
  (anonymous function) (https://cdn.bjdp2p.com/web/cn/17bjd/topfot/navHd.js?0.04165611645804057:89)
  c (https://cdn.bjdp2p.com/web/cn/images/index3/share/jquery-1.9.1.min.js:3)
  fireWith (https://cdn.bjdp2p.com/web/cn/images/index3/share/jquery-1.9.1.min.js:3)
  ready (https://cdn.bjdp2p.com/web/cn/images/index3/share/jquery-1.9.1.min.js:3)
  H (https://cdn.bjdp2p.com/web/cn/images/index3/share/jquery-1.9.1.min.js:3)

  phantomjs://platform/console++.js:263 in error
[ERROR - 2019-08-19T02:19:18.029Z] Session [b7ed8320-c227-11e9-ac53-ef77bfa33618] - page.onError - msg: TypeError: null is not an object (near '...*\/\*([^]*)\*\/\}$/)[1];...')

  phantomjs://platform/console++.js:263 in error
[ERROR - 2019-08-19T02:19:18.029Z] Session [b7ed8320-c227-11e9-ac53-ef77bfa33618] - page.onError - stack:
  (anonymous function) (https://cdn.bjdp2p.com/web/cn/17bjd/topfot/navHd.js?0.23046772266719928:89)
  c (https://cdn.bjdp2p.com/web/cn/images/index3/share/jquery-1.9.1.min.js:3)
  fireWith (https://cdn.bjdp2p.com/web/cn/images/index3/share/jquery-1.9.1.min.js:3)
  ready (https://cdn.bjdp2p.com/web/cn/images/index3/share/jquery-1.9.1.min.js:3)
  H (https://cdn.bjdp2p.com/web/cn/images/index3/share/jquery-1.9.1.min.js:3)

  phantomjs://platform/console++.js:263 in error
[ERROR - 2019-08-19T02:19:20.834Z] Session [b7ed8320-c227-11e9-ac53-ef77bfa33618] - page.onError - msg: TypeError: null is not an object (near '...*\/\*([^]*)\*\/\}$/)[1];...')

  phantomjs://platform/console++.js:263 in error
[ERROR - 2019-08-19T02:19:20.834Z] Session [b7ed8320-c227-11e9-ac53-ef77bfa33618] - page.onError - stack:
  (anonymous function) (https://cdn.bjdp2p.com/web/cn/17bjd/topfot/navHd.js?0.0951665302128456:89)
  c (https://cdn.bjdp2p.com/web/cn/images/index3/share/jquery-1.9.1.min.js:3)
  fireWith (https://cdn.bjdp2p.com/web/cn/images/index3/share/jquery-1.9.1.min.js:3)
  ready (https://cdn.bjdp2p.com/web/cn/images/index3/share/jquery-1.9.1.min.js:3)
  H (https://cdn.bjdp2p.com/web/cn/images/index3/share/jquery-1.9.1.min.js:3)

  phantomjs://platform/console++.js:263 in error
[ERROR - 2019-08-19T02:19:23.712Z] Session [b7ed8320-c227-11e9-ac53-ef77bfa33618] - page.onError - msg: TypeError: null is not an object (near '...*\/\*([^]*)\*\/\}$/)[1];...')

  phantomjs://platform/console++.js:263 in error
[ERROR - 2019-08-19T02:19:23.712Z] Session [b7ed8320-c227-11e9-ac53-ef77bfa33618] - page.onError - stack:
  (anonymous function) (https://cdn.bjdp2p.com/web/cn/17bjd/topfot/navHd.js?0.4346307494109678:89)
  c (https://cdn.bjdp2p.com/web/cn/images/index3/share/jquery-1.9.1.min.js:3)
  fireWith (https://cdn.bjdp2p.com/web/cn/images/index3/share/jquery-1.9.1.min.js:3)
  ready (https://cdn.bjdp2p.com/web/cn/images/index3/share/jquery-1.9.1.min.js:3)
  H (https://cdn.bjdp2p.com/web/cn/images/index3/share/jquery-1.9.1.min.js:3)

  phantomjs://platform/console++.js:263 in error
[ERROR - 2019-08-19T02:19:26.779Z] Session [b7ed8320-c227-11e9-ac53-ef77bfa33618] - page.onError - msg: TypeError: null is not an object (near '...*\/\*([^]*)\*\/\}$/)[1];...')

  phantomjs://platform/console++.js:263 in error
[ERROR - 2019-08-19T02:19:26.779Z] Session [b7ed8320-c227-11e9-ac53-ef77bfa33618] - page.onError - stack:
  (anonymous function) (https://cdn.bjdp2p.com/web/cn/17bjd/topfot/navHd.js?0.7086768316005115:89)
  c (https://cdn.bjdp2p.com/web/cn/images/index3/share/jquery-1.9.1.min.js:3)
  fireWith (https://cdn.bjdp2p.com/web/cn/images/index3/share/jquery-1.9.1.min.js:3)
  ready (https://cdn.bjdp2p.com/web/cn/images/index3/share/jquery-1.9.1.min.js:3)
  H (https://cdn.bjdp2p.com/web/cn/images/index3/share/jquery-1.9.1.min.js:3)

  phantomjs://platform/console++.js:263 in error
[ERROR - 2019-08-19T02:19:29.721Z] Session [b7ed8320-c227-11e9-ac53-ef77bfa33618] - page.onError - msg: TypeError: null is not an object (near '...*\/\*([^]*)\*\/\}$/)[1];...')

  phantomjs://platform/console++.js:263 in error
[ERROR - 2019-08-19T02:19:29.721Z] Session [b7ed8320-c227-11e9-ac53-ef77bfa33618] - page.onError - stack:
  (anonymous function) (https://cdn.bjdp2p.com/web/cn/17bjd/topfot/navHd.js?0.6848374564738987:89)
  c (https://cdn.bjdp2p.com/web/cn/images/index3/share/jquery-1.9.1.min.js:3)
  fireWith (https://cdn.bjdp2p.com/web/cn/images/index3/share/jquery-1.9.1.min.js:3)
  ready (https://cdn.bjdp2p.com/web/cn/images/index3/share/jquery-1.9.1.min.js:3)
  H (https://cdn.bjdp2p.com/web/cn/images/index3/share/jquery-1.9.1.min.js:3)

  phantomjs://platform/console++.js:263 in error
[ERROR - 2019-08-19T02:19:32.594Z] Session [b7ed8320-c227-11e9-ac53-ef77bfa33618] - page.onError - msg: TypeError: null is not an object (near '...*\/\*([^]*)\*\/\}$/)[1];...')

  phantomjs://platform/console++.js:263 in error
[ERROR - 2019-08-19T02:19:32.594Z] Session [b7ed8320-c227-11e9-ac53-ef77bfa33618] - page.onError - stack:
  (anonymous function) (https://cdn.bjdp2p.com/web/cn/17bjd/topfot/navHd.js?0.40869521659483843:89)
  c (https://cdn.bjdp2p.com/web/cn/images/index3/share/jquery-1.9.1.min.js:3)
  fireWith (https://cdn.bjdp2p.com/web/cn/images/index3/share/jquery-1.9.1.min.js:3)
  ready (https://cdn.bjdp2p.com/web/cn/images/index3/share/jquery-1.9.1.min.js:3)
  H (https://cdn.bjdp2p.com/web/cn/images/index3/share/jquery-1.9.1.min.js:3)

  phantomjs://platform/console++.js:263 in error
[ERROR - 2019-08-19T02:19:35.631Z] Session [b7ed8320-c227-11e9-ac53-ef77bfa33618] - page.onError - msg: TypeError: null is not an object (near '...*\/\*([^]*)\*\/\}$/)[1];...')

  phantomjs://platform/console++.js:263 in error
[ERROR - 2019-08-19T02:19:35.631Z] Session [b7ed8320-c227-11e9-ac53-ef77bfa33618] - page.onError - stack:
  (anonymous function) (https://cdn.bjdp2p.com/web/cn/17bjd/topfot/navHd.js?0.21790679099002874:89)
  c (https://cdn.bjdp2p.com/web/cn/images/index3/share/jquery-1.9.1.min.js:3)
  fireWith (https://cdn.bjdp2p.com/web/cn/images/index3/share/jquery-1.9.1.min.js:3)
  ready (https://cdn.bjdp2p.com/web/cn/images/index3/share/jquery-1.9.1.min.js:3)
  H (https://cdn.bjdp2p.com/web/cn/images/index3/share/jquery-1.9.1.min.js:3)

  phantomjs://platform/console++.js:263 in error
[ERROR - 2019-08-19T02:19:38.426Z] Session [b7ed8320-c227-11e9-ac53-ef77bfa33618] - page.onError - msg: TypeError: null is not an object (near '...*\/\*([^]*)\*\/\}$/)[1];...')

  phantomjs://platform/console++.js:263 in error
[ERROR - 2019-08-19T02:19:38.427Z] Session [b7ed8320-c227-11e9-ac53-ef77bfa33618] - page.onError - stack:
  (anonymous function) (https://cdn.bjdp2p.com/web/cn/17bjd/topfot/navHd.js?0.06613164761821766:89)
  c (https://cdn.bjdp2p.com/web/cn/images/index3/share/jquery-1.9.1.min.js:3)
  fireWith (https://cdn.bjdp2p.com/web/cn/images/index3/share/jquery-1.9.1.min.js:3)
  ready (https://cdn.bjdp2p.com/web/cn/images/index3/share/jquery-1.9.1.min.js:3)
  H (https://cdn.bjdp2p.com/web/cn/images/index3/share/jquery-1.9.1.min.js:3)

  phantomjs://platform/console++.js:263 in error
[ERROR - 2019-08-19T02:19:41.274Z] Session [b7ed8320-c227-11e9-ac53-ef77bfa33618] - page.onError - msg: TypeError: null is not an object (near '...*\/\*([^]*)\*\/\}$/)[1];...')

  phantomjs://platform/console++.js:263 in error
[ERROR - 2019-08-19T02:19:41.275Z] Session [b7ed8320-c227-11e9-ac53-ef77bfa33618] - page.onError - stack:
  (anonymous function) (https://cdn.bjdp2p.com/web/cn/17bjd/topfot/navHd.js?0.4652980616730692:89)
  c (https://cdn.bjdp2p.com/web/cn/images/index3/share/jquery-1.9.1.min.js:3)
  fireWith (https://cdn.bjdp2p.com/web/cn/images/index3/share/jquery-1.9.1.min.js:3)
  ready (https://cdn.bjdp2p.com/web/cn/images/index3/share/jquery-1.9.1.min.js:3)
  H (https://cdn.bjdp2p.com/web/cn/images/index3/share/jquery-1.9.1.min.js:3)

  phantomjs://platform/console++.js:263 in error
[ERROR - 2019-08-19T02:19:42.954Z] Session [b7ed8320-c227-11e9-ac53-ef77bfa33618] - page.onError - msg: TypeError: null is not an object (near '...*\/\*([^]*)\*\/\}$/)[1];...')

  phantomjs://platform/console++.js:263 in error
[ERROR - 2019-08-19T02:19:42.954Z] Session [b7ed8320-c227-11e9-ac53-ef77bfa33618] - page.onError - stack:
  (anonymous function) (https://cdn.bjdp2p.com/web/cn/17bjd/topfot/navHd.js?0.4463312498925328:89)
  c (https://cdn.bjdp2p.com/web/cn/images/index3/share/jquery-1.9.1.min.js:3)
  fireWith (https://cdn.bjdp2p.com/web/cn/images/index3/share/jquery-1.9.1.min.js:3)
  ready (https://cdn.bjdp2p.com/web/cn/images/index3/share/jquery-1.9.1.min.js:3)
  H (https://cdn.bjdp2p.com/web/cn/images/index3/share/jquery-1.9.1.min.js:3)

  phantomjs://platform/console++.js:263 in error
[ERROR - 2019-08-19T02:19:47.581Z] Session [b7ed8320-c227-11e9-ac53-ef77bfa33618] - page.onError - msg: TypeError: undefined is not an object (evaluating 'r[$_CEFEM(1293)]')

  phantomjs://platform/console++.js:263 in error
[ERROR - 2019-08-19T02:19:47.581Z] Session [b7ed8320-c227-11e9-ac53-ef77bfa33618] - page.onError - stack:
  (anonymous function) (https://static.geetest.com/static/js/fullpage.8.8.3.js:1)

  phantomjs://platform/console++.js:263 in error
[ERROR - 2019-08-19T02:19:47.748Z] Session [b7ed8320-c227-11e9-ac53-ef77bfa33618] - page.onError - msg: TypeError: null is not an object (near '...*\/\*([^]*)\*\/\}$/)[1];...')

  phantomjs://platform/console++.js:263 in error
[ERROR - 2019-08-19T02:19:47.748Z] Session [b7ed8320-c227-11e9-ac53-ef77bfa33618] - page.onError - stack:
  (anonymous function) (https://cdn.bjdp2p.com/web/cn/17bjd/topfot/navHd.js?0.567006392258781:89)
  c (https://cdn.bjdp2p.com/web/cn/images/index3/share/jquery-1.9.1.min.js:3)
  fireWith (https://cdn.bjdp2p.com/web/cn/images/index3/share/jquery-1.9.1.min.js:3)
  ready (https://cdn.bjdp2p.com/web/cn/images/index3/share/jquery-1.9.1.min.js:3)
  H (https://cdn.bjdp2p.com/web/cn/images/index3/share/jquery-1.9.1.min.js:3)

  phantomjs://platform/console++.js:263 in error
[ERROR - 2019-08-19T02:19:50.717Z] Session [b7ed8320-c227-11e9-ac53-ef77bfa33618] - page.onError - msg: TypeError: null is not an object (near '...*\/\*([^]*)\*\/\}$/)[1];...')

  phantomjs://platform/console++.js:263 in error
[ERROR - 2019-08-19T02:19:50.717Z] Session [b7ed8320-c227-11e9-ac53-ef77bfa33618] - page.onError - stack:
  (anonymous function) (https://cdn.bjdp2p.com/web/cn/17bjd/topfot/navHd.js?0.31457899637078846:89)
  c (https://cdn.bjdp2p.com/web/cn/images/index3/share/jquery-1.9.1.min.js:3)
  fireWith (https://cdn.bjdp2p.com/web/cn/images/index3/share/jquery-1.9.1.min.js:3)
  ready (https://cdn.bjdp2p.com/web/cn/images/index3/share/jquery-1.9.1.min.js:3)
  H (https://cdn.bjdp2p.com/web/cn/images/index3/share/jquery-1.9.1.min.js:3)

  phantomjs://platform/console++.js:263 in error
[ERROR - 2019-08-19T02:19:52.012Z] Session [b7ed8320-c227-11e9-ac53-ef77bfa33618] - page.onError - msg: TypeError: null is not an object (near '...*\/\*([^]*)\*\/\}$/)[1];...')

  phantomjs://platform/console++.js:263 in error
[ERROR - 2019-08-19T02:19:52.012Z] Session [b7ed8320-c227-11e9-ac53-ef77bfa33618] - page.onError - stack:
  (anonymous function) (https://cdn.bjdp2p.com/web/cn/17bjd/topfot/navHd.js?0.03270052525004208:89)
  c (https://cdn.bjdp2p.com/web/cn/images/index3/share/jquery-1.9.1.min.js:3)
  fireWith (https://cdn.bjdp2p.com/web/cn/images/index3/share/jquery-1.9.1.min.js:3)
  ready (https://cdn.bjdp2p.com/web/cn/images/index3/share/jquery-1.9.1.min.js:3)
  H (https://cdn.bjdp2p.com/web/cn/images/index3/share/jquery-1.9.1.min.js:3)

  phantomjs://platform/console++.js:263 in error
[ERROR - 2019-08-19T02:19:57.176Z] Session [b7ed8320-c227-11e9-ac53-ef77bfa33618] - page.onError - msg: TypeError: null is not an object (near '...*\/\*([^]*)\*\/\}$/)[1];...')

  phantomjs://platform/console++.js:263 in error
[ERROR - 2019-08-19T02:19:57.176Z] Session [b7ed8320-c227-11e9-ac53-ef77bfa33618] - page.onError - stack:
  (anonymous function) (https://cdn.bjdp2p.com/web/cn/17bjd/topfot/navHd.js?0.9389172927499045:89)
  c (https://cdn.bjdp2p.com/web/cn/images/index3/share/jquery-1.9.1.min.js:3)
  fireWith (https://cdn.bjdp2p.com/web/cn/images/index3/share/jquery-1.9.1.min.js:3)
  ready (https://cdn.bjdp2p.com/web/cn/images/index3/share/jquery-1.9.1.min.js:3)
  H (https://cdn.bjdp2p.com/web/cn/images/index3/share/jquery-1.9.1.min.js:3)

  phantomjs://platform/console++.js:263 in error
[ERROR - 2019-08-19T02:19:59.954Z] Session [b7ed8320-c227-11e9-ac53-ef77bfa33618] - page.onError - msg: TypeError: null is not an object (near '...*\/\*([^]*)\*\/\}$/)[1];...')

  phantomjs://platform/console++.js:263 in error
[ERROR - 2019-08-19T02:19:59.955Z] Session [b7ed8320-c227-11e9-ac53-ef77bfa33618] - page.onError - stack:
  (anonymous function) (https://cdn.bjdp2p.com/web/cn/17bjd/topfot/navHd.js?0.6127649295939778:89)
  c (https://cdn.bjdp2p.com/web/cn/images/index3/share/jquery-1.9.1.min.js:3)
  fireWith (https://cdn.bjdp2p.com/web/cn/images/index3/share/jquery-1.9.1.min.js:3)
  ready (https://cdn.bjdp2p.com/web/cn/images/index3/share/jquery-1.9.1.min.js:3)
  H (https://cdn.bjdp2p.com/web/cn/images/index3/share/jquery-1.9.1.min.js:3)

  phantomjs://platform/console++.js:263 in error
[ERROR - 2019-08-19T02:20:02.813Z] Session [b7ed8320-c227-11e9-ac53-ef77bfa33618] - page.onError - msg: TypeError: null is not an object (near '...*\/\*([^]*)\*\/\}$/)[1];...')

  phantomjs://platform/console++.js:263 in error
[ERROR - 2019-08-19T02:20:02.813Z] Session [b7ed8320-c227-11e9-ac53-ef77bfa33618] - page.onError - stack:
  (anonymous function) (https://cdn.bjdp2p.com/web/cn/17bjd/topfot/navHd.js?0.0943729205931566:89)
  c (https://cdn.bjdp2p.com/web/cn/images/index3/share/jquery-1.9.1.min.js:3)
  fireWith (https://cdn.bjdp2p.com/web/cn/images/index3/share/jquery-1.9.1.min.js:3)
  ready (https://cdn.bjdp2p.com/web/cn/images/index3/share/jquery-1.9.1.min.js:3)
  H (https://cdn.bjdp2p.com/web/cn/images/index3/share/jquery-1.9.1.min.js:3)

  phantomjs://platform/console++.js:263 in error
[ERROR - 2019-08-19T02:20:05.768Z] Session [b7ed8320-c227-11e9-ac53-ef77bfa33618] - page.onError - msg: TypeError: null is not an object (near '...*\/\*([^]*)\*\/\}$/)[1];...')

  phantomjs://platform/console++.js:263 in error
[ERROR - 2019-08-19T02:20:05.768Z] Session [b7ed8320-c227-11e9-ac53-ef77bfa33618] - page.onError - stack:
  (anonymous function) (https://cdn.bjdp2p.com/web/cn/17bjd/topfot/navHd.js?0.774894564840807:89)
  c (https://cdn.bjdp2p.com/web/cn/images/index3/share/jquery-1.9.1.min.js:3)
  fireWith (https://cdn.bjdp2p.com/web/cn/images/index3/share/jquery-1.9.1.min.js:3)
  ready (https://cdn.bjdp2p.com/web/cn/images/index3/share/jquery-1.9.1.min.js:3)
  H (https://cdn.bjdp2p.com/web/cn/images/index3/share/jquery-1.9.1.min.js:3)

  phantomjs://platform/console++.js:263 in error
[ERROR - 2019-08-19T02:20:08.633Z] Session [b7ed8320-c227-11e9-ac53-ef77bfa33618] - page.onError - msg: TypeError: null is not an object (near '...*\/\*([^]*)\*\/\}$/)[1];...')

  phantomjs://platform/console++.js:263 in error
[ERROR - 2019-08-19T02:20:08.634Z] Session [b7ed8320-c227-11e9-ac53-ef77bfa33618] - page.onError - stack:
  (anonymous function) (https://cdn.bjdp2p.com/web/cn/17bjd/topfot/navHd.js?0.2569853998601095:89)
  c (https://cdn.bjdp2p.com/web/cn/images/index3/share/jquery-1.9.1.min.js:3)
  fireWith (https://cdn.bjdp2p.com/web/cn/images/index3/share/jquery-1.9.1.min.js:3)
  ready (https://cdn.bjdp2p.com/web/cn/images/index3/share/jquery-1.9.1.min.js:3)
  H (https://cdn.bjdp2p.com/web/cn/images/index3/share/jquery-1.9.1.min.js:3)

  phantomjs://platform/console++.js:263 in error
[ERROR - 2019-08-19T02:20:11.442Z] Session [b7ed8320-c227-11e9-ac53-ef77bfa33618] - page.onError - msg: TypeError: null is not an object (near '...*\/\*([^]*)\*\/\}$/)[1];...')

  phantomjs://platform/console++.js:263 in error
[ERROR - 2019-08-19T02:20:11.443Z] Session [b7ed8320-c227-11e9-ac53-ef77bfa33618] - page.onError - stack:
  (anonymous function) (https://cdn.bjdp2p.com/web/cn/17bjd/topfot/navHd.js?0.21681461304893457:89)
  c (https://cdn.bjdp2p.com/web/cn/images/index3/share/jquery-1.9.1.min.js:3)
  fireWith (https://cdn.bjdp2p.com/web/cn/images/index3/share/jquery-1.9.1.min.js:3)
  ready (https://cdn.bjdp2p.com/web/cn/images/index3/share/jquery-1.9.1.min.js:3)
  H (https://cdn.bjdp2p.com/web/cn/images/index3/share/jquery-1.9.1.min.js:3)

  phantomjs://platform/console++.js:263 in error
[ERROR - 2019-08-19T02:20:14.358Z] Session [b7ed8320-c227-11e9-ac53-ef77bfa33618] - page.onError - msg: TypeError: null is not an object (near '...*\/\*([^]*)\*\/\}$/)[1];...')

  phantomjs://platform/console++.js:263 in error
[ERROR - 2019-08-19T02:20:14.358Z] Session [b7ed8320-c227-11e9-ac53-ef77bfa33618] - page.onError - stack:
  (anonymous function) (https://cdn.bjdp2p.com/web/cn/17bjd/topfot/navHd.js?0.6618045699622594:89)
  c (https://cdn.bjdp2p.com/web/cn/images/index3/share/jquery-1.9.1.min.js:3)
  fireWith (https://cdn.bjdp2p.com/web/cn/images/index3/share/jquery-1.9.1.min.js:3)
  ready (https://cdn.bjdp2p.com/web/cn/images/index3/share/jquery-1.9.1.min.js:3)
  H (https://cdn.bjdp2p.com/web/cn/images/index3/share/jquery-1.9.1.min.js:3)

  phantomjs://platform/console++.js:263 in error
[ERROR - 2019-08-19T02:20:17.320Z] Session [b7ed8320-c227-11e9-ac53-ef77bfa33618] - page.onError - msg: TypeError: null is not an object (near '...*\/\*([^]*)\*\/\}$/)[1];...')

  phantomjs://platform/console++.js:263 in error
[ERROR - 2019-08-19T02:20:17.320Z] Session [b7ed8320-c227-11e9-ac53-ef77bfa33618] - page.onError - stack:
  (anonymous function) (https://cdn.bjdp2p.com/web/cn/17bjd/topfot/navHd.js?0.8024930921199325:89)
  c (https://cdn.bjdp2p.com/web/cn/images/index3/share/jquery-1.9.1.min.js:3)
  fireWith (https://cdn.bjdp2p.com/web/cn/images/index3/share/jquery-1.9.1.min.js:3)
  ready (https://cdn.bjdp2p.com/web/cn/images/index3/share/jquery-1.9.1.min.js:3)
  H (https://cdn.bjdp2p.com/web/cn/images/index3/share/jquery-1.9.1.min.js:3)

  phantomjs://platform/console++.js:263 in error
[ERROR - 2019-08-19T02:20:20.205Z] Session [b7ed8320-c227-11e9-ac53-ef77bfa33618] - page.onError - msg: TypeError: null is not an object (near '...*\/\*([^]*)\*\/\}$/)[1];...')

  phantomjs://platform/console++.js:263 in error
[ERROR - 2019-08-19T02:20:20.205Z] Session [b7ed8320-c227-11e9-ac53-ef77bfa33618] - page.onError - stack:
  (anonymous function) (https://cdn.bjdp2p.com/web/cn/17bjd/topfot/navHd.js?0.2360520055906098:89)
  c (https://cdn.bjdp2p.com/web/cn/images/index3/share/jquery-1.9.1.min.js:3)
  fireWith (https://cdn.bjdp2p.com/web/cn/images/index3/share/jquery-1.9.1.min.js:3)
  ready (https://cdn.bjdp2p.com/web/cn/images/index3/share/jquery-1.9.1.min.js:3)
  H (https://cdn.bjdp2p.com/web/cn/images/index3/share/jquery-1.9.1.min.js:3)

  phantomjs://platform/console++.js:263 in error
[ERROR - 2019-08-19T02:20:21.525Z] Session [b7ed8320-c227-11e9-ac53-ef77bfa33618] - page.onError - msg: TypeError: null is not an object (near '...*\/\*([^]*)\*\/\}$/)[1];...')

  phantomjs://platform/console++.js:263 in error
[ERROR - 2019-08-19T02:20:21.525Z] Session [b7ed8320-c227-11e9-ac53-ef77bfa33618] - page.onError - stack:
  (anonymous function) (https://cdn.bjdp2p.com/web/cn/17bjd/topfot/navHd.js?0.7797175592038101:89)
  c (https://cdn.bjdp2p.com/web/cn/images/index3/share/jquery-1.9.1.min.js:3)
  fireWith (https://cdn.bjdp2p.com/web/cn/images/index3/share/jquery-1.9.1.min.js:3)
  ready (https://cdn.bjdp2p.com/web/cn/images/index3/share/jquery-1.9.1.min.js:3)
  H (https://cdn.bjdp2p.com/web/cn/images/index3/share/jquery-1.9.1.min.js:3)

  phantomjs://platform/console++.js:263 in error
[ERROR - 2019-08-19T02:20:26.563Z] Session [b7ed8320-c227-11e9-ac53-ef77bfa33618] - page.onError - msg: TypeError: null is not an object (near '...*\/\*([^]*)\*\/\}$/)[1];...')

  phantomjs://platform/console++.js:263 in error
[ERROR - 2019-08-19T02:20:26.563Z] Session [b7ed8320-c227-11e9-ac53-ef77bfa33618] - page.onError - stack:
  (anonymous function) (https://cdn.bjdp2p.com/web/cn/17bjd/topfot/navHd.js?0.08678028747228106:89)
  c (https://cdn.bjdp2p.com/web/cn/images/index3/share/jquery-1.9.1.min.js:3)
  fireWith (https://cdn.bjdp2p.com/web/cn/images/index3/share/jquery-1.9.1.min.js:3)
  ready (https://cdn.bjdp2p.com/web/cn/images/index3/share/jquery-1.9.1.min.js:3)
  H (https://cdn.bjdp2p.com/web/cn/images/index3/share/jquery-1.9.1.min.js:3)

  phantomjs://platform/console++.js:263 in error
[ERROR - 2019-08-19T02:20:29.573Z] Session [b7ed8320-c227-11e9-ac53-ef77bfa33618] - page.onError - msg: TypeError: null is not an object (near '...*\/\*([^]*)\*\/\}$/)[1];...')

  phantomjs://platform/console++.js:263 in error
[ERROR - 2019-08-19T02:20:29.573Z] Session [b7ed8320-c227-11e9-ac53-ef77bfa33618] - page.onError - stack:
  (anonymous function) (https://cdn.bjdp2p.com/web/cn/17bjd/topfot/navHd.js?0.09282941340947959:89)
  c (https://cdn.bjdp2p.com/web/cn/images/index3/share/jquery-1.9.1.min.js:3)
  fireWith (https://cdn.bjdp2p.com/web/cn/images/index3/share/jquery-1.9.1.min.js:3)
  ready (https://cdn.bjdp2p.com/web/cn/images/index3/share/jquery-1.9.1.min.js:3)
  H (https://cdn.bjdp2p.com/web/cn/images/index3/share/jquery-1.9.1.min.js:3)

  phantomjs://platform/console++.js:263 in error
[ERROR - 2019-08-19T02:20:32.376Z] Session [b7ed8320-c227-11e9-ac53-ef77bfa33618] - page.onError - msg: TypeError: null is not an object (near '...*\/\*([^]*)\*\/\}$/)[1];...')

  phantomjs://platform/console++.js:263 in error
[ERROR - 2019-08-19T02:20:32.376Z] Session [b7ed8320-c227-11e9-ac53-ef77bfa33618] - page.onError - stack:
  (anonymous function) (https://cdn.bjdp2p.com/web/cn/17bjd/topfot/navHd.js?0.45311808337496406:89)
  c (https://cdn.bjdp2p.com/web/cn/images/index3/share/jquery-1.9.1.min.js:3)
  fireWith (https://cdn.bjdp2p.com/web/cn/images/index3/share/jquery-1.9.1.min.js:3)
  ready (https://cdn.bjdp2p.com/web/cn/images/index3/share/jquery-1.9.1.min.js:3)
  H (https://cdn.bjdp2p.com/web/cn/images/index3/share/jquery-1.9.1.min.js:3)

  phantomjs://platform/console++.js:263 in error
[ERROR - 2019-08-19T02:20:35.380Z] Session [b7ed8320-c227-11e9-ac53-ef77bfa33618] - page.onError - msg: TypeError: null is not an object (near '...*\/\*([^]*)\*\/\}$/)[1];...')

  phantomjs://platform/console++.js:263 in error
[ERROR - 2019-08-19T02:20:35.380Z] Session [b7ed8320-c227-11e9-ac53-ef77bfa33618] - page.onError - stack:
  (anonymous function) (https://cdn.bjdp2p.com/web/cn/17bjd/topfot/navHd.js?0.5354057552442031:89)
  c (https://cdn.bjdp2p.com/web/cn/images/index3/share/jquery-1.9.1.min.js:3)
  fireWith (https://cdn.bjdp2p.com/web/cn/images/index3/share/jquery-1.9.1.min.js:3)
  ready (https://cdn.bjdp2p.com/web/cn/images/index3/share/jquery-1.9.1.min.js:3)
  H (https://cdn.bjdp2p.com/web/cn/images/index3/share/jquery-1.9.1.min.js:3)

  phantomjs://platform/console++.js:263 in error
[ERROR - 2019-08-19T02:20:38.332Z] Session [b7ed8320-c227-11e9-ac53-ef77bfa33618] - page.onError - msg: TypeError: null is not an object (near '...*\/\*([^]*)\*\/\}$/)[1];...')

  phantomjs://platform/console++.js:263 in error
[ERROR - 2019-08-19T02:20:38.332Z] Session [b7ed8320-c227-11e9-ac53-ef77bfa33618] - page.onError - stack:
  (anonymous function) (https://cdn.bjdp2p.com/web/cn/17bjd/topfot/navHd.js?0.18294336205236994:89)
  c (https://cdn.bjdp2p.com/web/cn/images/index3/share/jquery-1.9.1.min.js:3)
  fireWith (https://cdn.bjdp2p.com/web/cn/images/index3/share/jquery-1.9.1.min.js:3)
  ready (https://cdn.bjdp2p.com/web/cn/images/index3/share/jquery-1.9.1.min.js:3)
  H (https://cdn.bjdp2p.com/web/cn/images/index3/share/jquery-1.9.1.min.js:3)

  phantomjs://platform/console++.js:263 in error
[ERROR - 2019-08-19T02:20:41.378Z] Session [b7ed8320-c227-11e9-ac53-ef77bfa33618] - page.onError - msg: TypeError: null is not an object (near '...*\/\*([^]*)\*\/\}$/)[1];...')

  phantomjs://platform/console++.js:263 in error
[ERROR - 2019-08-19T02:20:41.378Z] Session [b7ed8320-c227-11e9-ac53-ef77bfa33618] - page.onError - stack:
  (anonymous function) (https://cdn.bjdp2p.com/web/cn/17bjd/topfot/navHd.js?0.45319577564828417:89)
  c (https://cdn.bjdp2p.com/web/cn/images/index3/share/jquery-1.9.1.min.js:3)
  fireWith (https://cdn.bjdp2p.com/web/cn/images/index3/share/jquery-1.9.1.min.js:3)
  ready (https://cdn.bjdp2p.com/web/cn/images/index3/share/jquery-1.9.1.min.js:3)
  H (https://cdn.bjdp2p.com/web/cn/images/index3/share/jquery-1.9.1.min.js:3)

  phantomjs://platform/console++.js:263 in error
[ERROR - 2019-08-19T02:20:44.262Z] Session [b7ed8320-c227-11e9-ac53-ef77bfa33618] - page.onError - msg: TypeError: null is not an object (near '...*\/\*([^]*)\*\/\}$/)[1];...')

  phantomjs://platform/console++.js:263 in error
[ERROR - 2019-08-19T02:20:44.262Z] Session [b7ed8320-c227-11e9-ac53-ef77bfa33618] - page.onError - stack:
  (anonymous function) (https://cdn.bjdp2p.com/web/cn/17bjd/topfot/navHd.js?0.9278975207354591:89)
  c (https://cdn.bjdp2p.com/web/cn/images/index3/share/jquery-1.9.1.min.js:3)
  fireWith (https://cdn.bjdp2p.com/web/cn/images/index3/share/jquery-1.9.1.min.js:3)
  ready (https://cdn.bjdp2p.com/web/cn/images/index3/share/jquery-1.9.1.min.js:3)
  H (https://cdn.bjdp2p.com/web/cn/images/index3/share/jquery-1.9.1.min.js:3)

  phantomjs://platform/console++.js:263 in error
[ERROR - 2019-08-19T02:20:47.211Z] Session [b7ed8320-c227-11e9-ac53-ef77bfa33618] - page.onError - msg: TypeError: null is not an object (near '...*\/\*([^]*)\*\/\}$/)[1];...')

  phantomjs://platform/console++.js:263 in error
[ERROR - 2019-08-19T02:20:47.211Z] Session [b7ed8320-c227-11e9-ac53-ef77bfa33618] - page.onError - stack:
  (anonymous function) (https://cdn.bjdp2p.com/web/cn/17bjd/topfot/navHd.js?0.2204684359276805:89)
  c (https://cdn.bjdp2p.com/web/cn/images/index3/share/jquery-1.9.1.min.js:3)
  fireWith (https://cdn.bjdp2p.com/web/cn/images/index3/share/jquery-1.9.1.min.js:3)
  ready (https://cdn.bjdp2p.com/web/cn/images/index3/share/jquery-1.9.1.min.js:3)
  H (https://cdn.bjdp2p.com/web/cn/images/index3/share/jquery-1.9.1.min.js:3)

  phantomjs://platform/console++.js:263 in error
[ERROR - 2019-08-19T02:20:49.994Z] Session [b7ed8320-c227-11e9-ac53-ef77bfa33618] - page.onError - msg: TypeError: null is not an object (near '...*\/\*([^]*)\*\/\}$/)[1];...')

  phantomjs://platform/console++.js:263 in error
[ERROR - 2019-08-19T02:20:49.994Z] Session [b7ed8320-c227-11e9-ac53-ef77bfa33618] - page.onError - stack:
  (anonymous function) (https://cdn.bjdp2p.com/web/cn/17bjd/topfot/navHd.js?0.15013468062203728:89)
  c (https://cdn.bjdp2p.com/web/cn/images/index3/share/jquery-1.9.1.min.js:3)
  fireWith (https://cdn.bjdp2p.com/web/cn/images/index3/share/jquery-1.9.1.min.js:3)
  ready (https://cdn.bjdp2p.com/web/cn/images/index3/share/jquery-1.9.1.min.js:3)
  H (https://cdn.bjdp2p.com/web/cn/images/index3/share/jquery-1.9.1.min.js:3)

  phantomjs://platform/console++.js:263 in error
[ERROR - 2019-08-19T02:20:52.964Z] Session [b7ed8320-c227-11e9-ac53-ef77bfa33618] - page.onError - msg: TypeError: null is not an object (near '...*\/\*([^]*)\*\/\}$/)[1];...')

  phantomjs://platform/console++.js:263 in error
[ERROR - 2019-08-19T02:20:52.964Z] Session [b7ed8320-c227-11e9-ac53-ef77bfa33618] - page.onError - stack:
  (anonymous function) (https://cdn.bjdp2p.com/web/cn/17bjd/topfot/navHd.js?0.18353188463675885:89)
  c (https://cdn.bjdp2p.com/web/cn/images/index3/share/jquery-1.9.1.min.js:3)
  fireWith (https://cdn.bjdp2p.com/web/cn/images/index3/share/jquery-1.9.1.min.js:3)
  ready (https://cdn.bjdp2p.com/web/cn/images/index3/share/jquery-1.9.1.min.js:3)
  H (https://cdn.bjdp2p.com/web/cn/images/index3/share/jquery-1.9.1.min.js:3)

  phantomjs://platform/console++.js:263 in error
[ERROR - 2019-08-19T02:20:55.899Z] Session [b7ed8320-c227-11e9-ac53-ef77bfa33618] - page.onError - msg: TypeError: null is not an object (near '...*\/\*([^]*)\*\/\}$/)[1];...')

  phantomjs://platform/console++.js:263 in error
[ERROR - 2019-08-19T02:20:55.899Z] Session [b7ed8320-c227-11e9-ac53-ef77bfa33618] - page.onError - stack:
  (anonymous function) (https://cdn.bjdp2p.com/web/cn/17bjd/topfot/navHd.js?0.7851953784914323:89)
  c (https://cdn.bjdp2p.com/web/cn/images/index3/share/jquery-1.9.1.min.js:3)
  fireWith (https://cdn.bjdp2p.com/web/cn/images/index3/share/jquery-1.9.1.min.js:3)
  ready (https://cdn.bjdp2p.com/web/cn/images/index3/share/jquery-1.9.1.min.js:3)
  H (https://cdn.bjdp2p.com/web/cn/images/index3/share/jquery-1.9.1.min.js:3)

  phantomjs://platform/console++.js:263 in error
[ERROR - 2019-08-19T02:20:58.729Z] Session [b7ed8320-c227-11e9-ac53-ef77bfa33618] - page.onError - msg: TypeError: null is not an object (near '...*\/\*([^]*)\*\/\}$/)[1];...')

  phantomjs://platform/console++.js:263 in error
[ERROR - 2019-08-19T02:20:58.729Z] Session [b7ed8320-c227-11e9-ac53-ef77bfa33618] - page.onError - stack:
  (anonymous function) (https://cdn.bjdp2p.com/web/cn/17bjd/topfot/navHd.js?0.537725558354835:89)
  c (https://cdn.bjdp2p.com/web/cn/images/index3/share/jquery-1.9.1.min.js:3)
  fireWith (https://cdn.bjdp2p.com/web/cn/images/index3/share/jquery-1.9.1.min.js:3)
  ready (https://cdn.bjdp2p.com/web/cn/images/index3/share/jquery-1.9.1.min.js:3)
  H (https://cdn.bjdp2p.com/web/cn/images/index3/share/jquery-1.9.1.min.js:3)

  phantomjs://platform/console++.js:263 in error
[ERROR - 2019-08-19T02:21:01.510Z] Session [b7ed8320-c227-11e9-ac53-ef77bfa33618] - page.onError - msg: TypeError: null is not an object (near '...*\/\*([^]*)\*\/\}$/)[1];...')

  phantomjs://platform/console++.js:263 in error
[ERROR - 2019-08-19T02:21:01.510Z] Session [b7ed8320-c227-11e9-ac53-ef77bfa33618] - page.onError - stack:
  (anonymous function) (https://cdn.bjdp2p.com/web/cn/17bjd/topfot/navHd.js?0.2879972953085802:89)
  c (https://cdn.bjdp2p.com/web/cn/images/index3/share/jquery-1.9.1.min.js:3)
  fireWith (https://cdn.bjdp2p.com/web/cn/images/index3/share/jquery-1.9.1.min.js:3)
  ready (https://cdn.bjdp2p.com/web/cn/images/index3/share/jquery-1.9.1.min.js:3)
  H (https://cdn.bjdp2p.com/web/cn/images/index3/share/jquery-1.9.1.min.js:3)

  phantomjs://platform/console++.js:263 in error
[ERROR - 2019-08-19T02:21:03.457Z] Session [b7ed8320-c227-11e9-ac53-ef77bfa33618] - page.onError - msg: TypeError: null is not an object (near '...*\/\*([^]*)\*\/\}$/)[1];...')

  phantomjs://platform/console++.js:263 in error
[ERROR - 2019-08-19T02:21:03.457Z] Session [b7ed8320-c227-11e9-ac53-ef77bfa33618] - page.onError - stack:
  (anonymous function) (https://cdn.bjdp2p.com/web/cn/17bjd/topfot/navHd.js?0.34535480338230184:89)
  c (https://cdn.bjdp2p.com/web/cn/images/index3/share/jquery-1.9.1.min.js:3)
  fireWith (https://cdn.bjdp2p.com/web/cn/images/index3/share/jquery-1.9.1.min.js:3)
  ready (https://cdn.bjdp2p.com/web/cn/images/index3/share/jquery-1.9.1.min.js:3)
  H (https://cdn.bjdp2p.com/web/cn/images/index3/share/jquery-1.9.1.min.js:3)

  phantomjs://platform/console++.js:263 in error
[ERROR - 2019-08-19T02:21:06.167Z] Session [b7ed8320-c227-11e9-ac53-ef77bfa33618] - page.onError - msg: TypeError: null is not an object (near '...*\/\*([^]*)\*\/\}$/)[1];...')

  phantomjs://platform/console++.js:263 in error
[ERROR - 2019-08-19T02:21:06.168Z] Session [b7ed8320-c227-11e9-ac53-ef77bfa33618] - page.onError - stack:
  (anonymous function) (https://cdn.bjdp2p.com/web/cn/17bjd/topfot/navHd.js?0.37202495224778176:89)
  c (https://cdn.bjdp2p.com/web/cn/images/index3/share/jquery-1.9.1.min.js:3)
  fireWith (https://cdn.bjdp2p.com/web/cn/images/index3/share/jquery-1.9.1.min.js:3)
  ready (https://cdn.bjdp2p.com/web/cn/images/index3/share/jquery-1.9.1.min.js:3)
  H (https://cdn.bjdp2p.com/web/cn/images/index3/share/jquery-1.9.1.min.js:3)

  phantomjs://platform/console++.js:263 in error
[ERROR - 2019-08-19T02:21:09.069Z] Session [b7ed8320-c227-11e9-ac53-ef77bfa33618] - page.onError - msg: TypeError: null is not an object (near '...*\/\*([^]*)\*\/\}$/)[1];...')

  phantomjs://platform/console++.js:263 in error
[ERROR - 2019-08-19T02:21:09.070Z] Session [b7ed8320-c227-11e9-ac53-ef77bfa33618] - page.onError - stack:
  (anonymous function) (https://cdn.bjdp2p.com/web/cn/17bjd/topfot/navHd.js?0.8445871373536109:89)
  c (https://cdn.bjdp2p.com/web/cn/images/index3/share/jquery-1.9.1.min.js:3)
  fireWith (https://cdn.bjdp2p.com/web/cn/images/index3/share/jquery-1.9.1.min.js:3)
  ready (https://cdn.bjdp2p.com/web/cn/images/index3/share/jquery-1.9.1.min.js:3)
  H (https://cdn.bjdp2p.com/web/cn/images/index3/share/jquery-1.9.1.min.js:3)

  phantomjs://platform/console++.js:263 in error
[ERROR - 2019-08-19T02:21:11.829Z] Session [b7ed8320-c227-11e9-ac53-ef77bfa33618] - page.onError - msg: TypeError: null is not an object (near '...*\/\*([^]*)\*\/\}$/)[1];...')

  phantomjs://platform/console++.js:263 in error
[ERROR - 2019-08-19T02:21:11.830Z] Session [b7ed8320-c227-11e9-ac53-ef77bfa33618] - page.onError - stack:
  (anonymous function) (https://cdn.bjdp2p.com/web/cn/17bjd/topfot/navHd.js?0.6855957371347797:89)
  c (https://cdn.bjdp2p.com/web/cn/images/index3/share/jquery-1.9.1.min.js:3)
  fireWith (https://cdn.bjdp2p.com/web/cn/images/index3/share/jquery-1.9.1.min.js:3)
  ready (https://cdn.bjdp2p.com/web/cn/images/index3/share/jquery-1.9.1.min.js:3)
  H (https://cdn.bjdp2p.com/web/cn/images/index3/share/jquery-1.9.1.min.js:3)

  phantomjs://platform/console++.js:263 in error
[ERROR - 2019-08-19T02:21:14.750Z] Session [b7ed8320-c227-11e9-ac53-ef77bfa33618] - page.onError - msg: TypeError: null is not an object (near '...*\/\*([^]*)\*\/\}$/)[1];...')

  phantomjs://platform/console++.js:263 in error
[ERROR - 2019-08-19T02:21:14.750Z] Session [b7ed8320-c227-11e9-ac53-ef77bfa33618] - page.onError - stack:
  (anonymous function) (https://cdn.bjdp2p.com/web/cn/17bjd/topfot/navHd.js?0.7289806973418274:89)
  c (https://cdn.bjdp2p.com/web/cn/images/index3/share/jquery-1.9.1.min.js:3)
  fireWith (https://cdn.bjdp2p.com/web/cn/images/index3/share/jquery-1.9.1.min.js:3)
  ready (https://cdn.bjdp2p.com/web/cn/images/index3/share/jquery-1.9.1.min.js:3)
  H (https://cdn.bjdp2p.com/web/cn/images/index3/share/jquery-1.9.1.min.js:3)

  phantomjs://platform/console++.js:263 in error
[ERROR - 2019-08-19T02:21:17.691Z] Session [b7ed8320-c227-11e9-ac53-ef77bfa33618] - page.onError - msg: TypeError: null is not an object (near '...*\/\*([^]*)\*\/\}$/)[1];...')

  phantomjs://platform/console++.js:263 in error
[ERROR - 2019-08-19T02:21:17.691Z] Session [b7ed8320-c227-11e9-ac53-ef77bfa33618] - page.onError - stack:
  (anonymous function) (https://cdn.bjdp2p.com/web/cn/17bjd/topfot/navHd.js?0.37783967726708545:89)
  c (https://cdn.bjdp2p.com/web/cn/images/index3/share/jquery-1.9.1.min.js:3)
  fireWith (https://cdn.bjdp2p.com/web/cn/images/index3/share/jquery-1.9.1.min.js:3)
  ready (https://cdn.bjdp2p.com/web/cn/images/index3/share/jquery-1.9.1.min.js:3)
  H (https://cdn.bjdp2p.com/web/cn/images/index3/share/jquery-1.9.1.min.js:3)

  phantomjs://platform/console++.js:263 in error
[ERROR - 2019-08-19T02:21:20.507Z] Session [b7ed8320-c227-11e9-ac53-ef77bfa33618] - page.onError - msg: TypeError: null is not an object (near '...*\/\*([^]*)\*\/\}$/)[1];...')

  phantomjs://platform/console++.js:263 in error
[ERROR - 2019-08-19T02:21:20.507Z] Session [b7ed8320-c227-11e9-ac53-ef77bfa33618] - page.onError - stack:
  (anonymous function) (https://cdn.bjdp2p.com/web/cn/17bjd/topfot/navHd.js?0.24569991098802468:89)
  c (https://cdn.bjdp2p.com/web/cn/images/index3/share/jquery-1.9.1.min.js:3)
  fireWith (https://cdn.bjdp2p.com/web/cn/images/index3/share/jquery-1.9.1.min.js:3)
  ready (https://cdn.bjdp2p.com/web/cn/images/index3/share/jquery-1.9.1.min.js:3)
  H (https://cdn.bjdp2p.com/web/cn/images/index3/share/jquery-1.9.1.min.js:3)

  phantomjs://platform/console++.js:263 in error
[ERROR - 2019-08-19T02:21:23.509Z] Session [b7ed8320-c227-11e9-ac53-ef77bfa33618] - page.onError - msg: TypeError: null is not an object (near '...*\/\*([^]*)\*\/\}$/)[1];...')

  phantomjs://platform/console++.js:263 in error
[ERROR - 2019-08-19T02:21:23.509Z] Session [b7ed8320-c227-11e9-ac53-ef77bfa33618] - page.onError - stack:
  (anonymous function) (https://cdn.bjdp2p.com/web/cn/17bjd/topfot/navHd.js?0.9409474706636803:89)
  c (https://cdn.bjdp2p.com/web/cn/images/index3/share/jquery-1.9.1.min.js:3)
  fireWith (https://cdn.bjdp2p.com/web/cn/images/index3/share/jquery-1.9.1.min.js:3)
  ready (https://cdn.bjdp2p.com/web/cn/images/index3/share/jquery-1.9.1.min.js:3)
  H (https://cdn.bjdp2p.com/web/cn/images/index3/share/jquery-1.9.1.min.js:3)

  phantomjs://platform/console++.js:263 in error
[ERROR - 2019-08-19T02:21:26.398Z] Session [b7ed8320-c227-11e9-ac53-ef77bfa33618] - page.onError - msg: TypeError: null is not an object (near '...*\/\*([^]*)\*\/\}$/)[1];...')

  phantomjs://platform/console++.js:263 in error
[ERROR - 2019-08-19T02:21:26.398Z] Session [b7ed8320-c227-11e9-ac53-ef77bfa33618] - page.onError - stack:
  (anonymous function) (https://cdn.bjdp2p.com/web/cn/17bjd/topfot/navHd.js?0.44434879600112875:89)
  c (https://cdn.bjdp2p.com/web/cn/images/index3/share/jquery-1.9.1.min.js:3)
  fireWith (https://cdn.bjdp2p.com/web/cn/images/index3/share/jquery-1.9.1.min.js:3)
  ready (https://cdn.bjdp2p.com/web/cn/images/index3/share/jquery-1.9.1.min.js:3)
  H (https://cdn.bjdp2p.com/web/cn/images/index3/share/jquery-1.9.1.min.js:3)

  phantomjs://platform/console++.js:263 in error
[ERROR - 2019-08-19T02:21:29.352Z] Session [b7ed8320-c227-11e9-ac53-ef77bfa33618] - page.onError - msg: TypeError: null is not an object (near '...*\/\*([^]*)\*\/\}$/)[1];...')

  phantomjs://platform/console++.js:263 in error
[ERROR - 2019-08-19T02:21:29.352Z] Session [b7ed8320-c227-11e9-ac53-ef77bfa33618] - page.onError - stack:
  (anonymous function) (https://cdn.bjdp2p.com/web/cn/17bjd/topfot/navHd.js?0.09013886912396751:89)
  c (https://cdn.bjdp2p.com/web/cn/images/index3/share/jquery-1.9.1.min.js:3)
  fireWith (https://cdn.bjdp2p.com/web/cn/images/index3/share/jquery-1.9.1.min.js:3)
  ready (https://cdn.bjdp2p.com/web/cn/images/index3/share/jquery-1.9.1.min.js:3)
  H (https://cdn.bjdp2p.com/web/cn/images/index3/share/jquery-1.9.1.min.js:3)

  phantomjs://platform/console++.js:263 in error
[ERROR - 2019-08-19T02:21:32.173Z] Session [b7ed8320-c227-11e9-ac53-ef77bfa33618] - page.onError - msg: TypeError: null is not an object (near '...*\/\*([^]*)\*\/\}$/)[1];...')

  phantomjs://platform/console++.js:263 in error
[ERROR - 2019-08-19T02:21:32.173Z] Session [b7ed8320-c227-11e9-ac53-ef77bfa33618] - page.onError - stack:
  (anonymous function) (https://cdn.bjdp2p.com/web/cn/17bjd/topfot/navHd.js?0.7751013065226913:89)
  c (https://cdn.bjdp2p.com/web/cn/images/index3/share/jquery-1.9.1.min.js:3)
  fireWith (https://cdn.bjdp2p.com/web/cn/images/index3/share/jquery-1.9.1.min.js:3)
  ready (https://cdn.bjdp2p.com/web/cn/images/index3/share/jquery-1.9.1.min.js:3)
  H (https://cdn.bjdp2p.com/web/cn/images/index3/share/jquery-1.9.1.min.js:3)

  phantomjs://platform/console++.js:263 in error
[ERROR - 2019-08-19T02:21:35.193Z] Session [b7ed8320-c227-11e9-ac53-ef77bfa33618] - page.onError - msg: TypeError: null is not an object (near '...*\/\*([^]*)\*\/\}$/)[1];...')

  phantomjs://platform/console++.js:263 in error
[ERROR - 2019-08-19T02:21:35.193Z] Session [b7ed8320-c227-11e9-ac53-ef77bfa33618] - page.onError - stack:
  (anonymous function) (https://cdn.bjdp2p.com/web/cn/17bjd/topfot/navHd.js?0.49012501138645004:89)
  c (https://cdn.bjdp2p.com/web/cn/images/index3/share/jquery-1.9.1.min.js:3)
  fireWith (https://cdn.bjdp2p.com/web/cn/images/index3/share/jquery-1.9.1.min.js:3)
  ready (https://cdn.bjdp2p.com/web/cn/images/index3/share/jquery-1.9.1.min.js:3)
  H (https://cdn.bjdp2p.com/web/cn/images/index3/share/jquery-1.9.1.min.js:3)

  phantomjs://platform/console++.js:263 in error
[ERROR - 2019-08-19T02:21:37.969Z] Session [b7ed8320-c227-11e9-ac53-ef77bfa33618] - page.onError - msg: TypeError: null is not an object (near '...*\/\*([^]*)\*\/\}$/)[1];...')

  phantomjs://platform/console++.js:263 in error
[ERROR - 2019-08-19T02:21:37.969Z] Session [b7ed8320-c227-11e9-ac53-ef77bfa33618] - page.onError - stack:
  (anonymous function) (https://cdn.bjdp2p.com/web/cn/17bjd/topfot/navHd.js?0.1924377754965746:89)
  c (https://cdn.bjdp2p.com/web/cn/images/index3/share/jquery-1.9.1.min.js:3)
  fireWith (https://cdn.bjdp2p.com/web/cn/images/index3/share/jquery-1.9.1.min.js:3)
  ready (https://cdn.bjdp2p.com/web/cn/images/index3/share/jquery-1.9.1.min.js:3)
  H (https://cdn.bjdp2p.com/web/cn/images/index3/share/jquery-1.9.1.min.js:3)

  phantomjs://platform/console++.js:263 in error
[ERROR - 2019-08-19T02:21:40.796Z] Session [b7ed8320-c227-11e9-ac53-ef77bfa33618] - page.onError - msg: TypeError: null is not an object (near '...*\/\*([^]*)\*\/\}$/)[1];...')

  phantomjs://platform/console++.js:263 in error
[ERROR - 2019-08-19T02:21:40.796Z] Session [b7ed8320-c227-11e9-ac53-ef77bfa33618] - page.onError - stack:
  (anonymous function) (https://cdn.bjdp2p.com/web/cn/17bjd/topfot/navHd.js?0.3536532809523566:89)
  c (https://cdn.bjdp2p.com/web/cn/images/index3/share/jquery-1.9.1.min.js:3)
  fireWith (https://cdn.bjdp2p.com/web/cn/images/index3/share/jquery-1.9.1.min.js:3)
  ready (https://cdn.bjdp2p.com/web/cn/images/index3/share/jquery-1.9.1.min.js:3)
  H (https://cdn.bjdp2p.com/web/cn/images/index3/share/jquery-1.9.1.min.js:3)

  phantomjs://platform/console++.js:263 in error
[ERROR - 2019-08-19T02:21:43.972Z] Session [b7ed8320-c227-11e9-ac53-ef77bfa33618] - page.onError - msg: TypeError: null is not an object (near '...*\/\*([^]*)\*\/\}$/)[1];...')

  phantomjs://platform/console++.js:263 in error
[ERROR - 2019-08-19T02:21:43.972Z] Session [b7ed8320-c227-11e9-ac53-ef77bfa33618] - page.onError - stack:
  (anonymous function) (https://cdn.bjdp2p.com/web/cn/17bjd/topfot/navHd.js?0.5679412876496108:89)
  c (https://cdn.bjdp2p.com/web/cn/images/index3/share/jquery-1.9.1.min.js:3)
  fireWith (https://cdn.bjdp2p.com/web/cn/images/index3/share/jquery-1.9.1.min.js:3)
  ready (https://cdn.bjdp2p.com/web/cn/images/index3/share/jquery-1.9.1.min.js:3)
  H (https://cdn.bjdp2p.com/web/cn/images/index3/share/jquery-1.9.1.min.js:3)

  phantomjs://platform/console++.js:263 in error
[ERROR - 2019-08-19T02:21:46.793Z] Session [b7ed8320-c227-11e9-ac53-ef77bfa33618] - page.onError - msg: TypeError: null is not an object (near '...*\/\*([^]*)\*\/\}$/)[1];...')

  phantomjs://platform/console++.js:263 in error
[ERROR - 2019-08-19T02:21:46.793Z] Session [b7ed8320-c227-11e9-ac53-ef77bfa33618] - page.onError - stack:
  (anonymous function) (https://cdn.bjdp2p.com/web/cn/17bjd/topfot/navHd.js?0.8367305158689594:89)
  c (https://cdn.bjdp2p.com/web/cn/images/index3/share/jquery-1.9.1.min.js:3)
  fireWith (https://cdn.bjdp2p.com/web/cn/images/index3/share/jquery-1.9.1.min.js:3)
  ready (https://cdn.bjdp2p.com/web/cn/images/index3/share/jquery-1.9.1.min.js:3)
  H (https://cdn.bjdp2p.com/web/cn/images/index3/share/jquery-1.9.1.min.js:3)

  phantomjs://platform/console++.js:263 in error
[ERROR - 2019-08-19T02:21:49.515Z] Session [b7ed8320-c227-11e9-ac53-ef77bfa33618] - page.onError - msg: TypeError: null is not an object (near '...*\/\*([^]*)\*\/\}$/)[1];...')

  phantomjs://platform/console++.js:263 in error
[ERROR - 2019-08-19T02:21:49.515Z] Session [b7ed8320-c227-11e9-ac53-ef77bfa33618] - page.onError - stack:
  (anonymous function) (https://cdn.bjdp2p.com/web/cn/17bjd/topfot/navHd.js?0.2915240964397122:89)
  c (https://cdn.bjdp2p.com/web/cn/images/index3/share/jquery-1.9.1.min.js:3)
  fireWith (https://cdn.bjdp2p.com/web/cn/images/index3/share/jquery-1.9.1.min.js:3)
  ready (https://cdn.bjdp2p.com/web/cn/images/index3/share/jquery-1.9.1.min.js:3)
  H (https://cdn.bjdp2p.com/web/cn/images/index3/share/jquery-1.9.1.min.js:3)

  phantomjs://platform/console++.js:263 in error
[ERROR - 2019-08-19T02:21:52.203Z] Session [b7ed8320-c227-11e9-ac53-ef77bfa33618] - page.onError - msg: TypeError: null is not an object (near '...*\/\*([^]*)\*\/\}$/)[1];...')

  phantomjs://platform/console++.js:263 in error
[ERROR - 2019-08-19T02:21:52.203Z] Session [b7ed8320-c227-11e9-ac53-ef77bfa33618] - page.onError - stack:
  (anonymous function) (https://cdn.bjdp2p.com/web/cn/17bjd/topfot/navHd.js?0.5146353121876657:89)
  c (https://cdn.bjdp2p.com/web/cn/images/index3/share/jquery-1.9.1.min.js:3)
  fireWith (https://cdn.bjdp2p.com/web/cn/images/index3/share/jquery-1.9.1.min.js:3)
  ready (https://cdn.bjdp2p.com/web/cn/images/index3/share/jquery-1.9.1.min.js:3)
  H (https://cdn.bjdp2p.com/web/cn/images/index3/share/jquery-1.9.1.min.js:3)

  phantomjs://platform/console++.js:263 in error
[ERROR - 2019-08-19T02:21:55.059Z] Session [b7ed8320-c227-11e9-ac53-ef77bfa33618] - page.onError - msg: TypeError: null is not an object (near '...*\/\*([^]*)\*\/\}$/)[1];...')

  phantomjs://platform/console++.js:263 in error
[ERROR - 2019-08-19T02:21:55.060Z] Session [b7ed8320-c227-11e9-ac53-ef77bfa33618] - page.onError - stack:
  (anonymous function) (https://cdn.bjdp2p.com/web/cn/17bjd/topfot/navHd.js?0.5750248522607334:89)
  c (https://cdn.bjdp2p.com/web/cn/images/index3/share/jquery-1.9.1.min.js:3)
  fireWith (https://cdn.bjdp2p.com/web/cn/images/index3/share/jquery-1.9.1.min.js:3)
  ready (https://cdn.bjdp2p.com/web/cn/images/index3/share/jquery-1.9.1.min.js:3)
  H (https://cdn.bjdp2p.com/web/cn/images/index3/share/jquery-1.9.1.min.js:3)

  phantomjs://platform/console++.js:263 in error
[ERROR - 2019-08-19T02:21:57.972Z] Session [b7ed8320-c227-11e9-ac53-ef77bfa33618] - page.onError - msg: TypeError: null is not an object (near '...*\/\*([^]*)\*\/\}$/)[1];...')

  phantomjs://platform/console++.js:263 in error
[ERROR - 2019-08-19T02:21:57.972Z] Session [b7ed8320-c227-11e9-ac53-ef77bfa33618] - page.onError - stack:
  (anonymous function) (https://cdn.bjdp2p.com/web/cn/17bjd/topfot/navHd.js?0.3368026490280005:89)
  c (https://cdn.bjdp2p.com/web/cn/images/index3/share/jquery-1.9.1.min.js:3)
  fireWith (https://cdn.bjdp2p.com/web/cn/images/index3/share/jquery-1.9.1.min.js:3)
  ready (https://cdn.bjdp2p.com/web/cn/images/index3/share/jquery-1.9.1.min.js:3)
  H (https://cdn.bjdp2p.com/web/cn/images/index3/share/jquery-1.9.1.min.js:3)

  phantomjs://platform/console++.js:263 in error
[ERROR - 2019-08-19T02:22:00.827Z] Session [b7ed8320-c227-11e9-ac53-ef77bfa33618] - page.onError - msg: TypeError: null is not an object (near '...*\/\*([^]*)\*\/\}$/)[1];...')

  phantomjs://platform/console++.js:263 in error
[ERROR - 2019-08-19T02:22:00.827Z] Session [b7ed8320-c227-11e9-ac53-ef77bfa33618] - page.onError - stack:
  (anonymous function) (https://cdn.bjdp2p.com/web/cn/17bjd/topfot/navHd.js?0.9358515991454396:89)
  c (https://cdn.bjdp2p.com/web/cn/images/index3/share/jquery-1.9.1.min.js:3)
  fireWith (https://cdn.bjdp2p.com/web/cn/images/index3/share/jquery-1.9.1.min.js:3)
  ready (https://cdn.bjdp2p.com/web/cn/images/index3/share/jquery-1.9.1.min.js:3)
  H (https://cdn.bjdp2p.com/web/cn/images/index3/share/jquery-1.9.1.min.js:3)

  phantomjs://platform/console++.js:263 in error
[ERROR - 2019-08-19T02:22:03.836Z] Session [b7ed8320-c227-11e9-ac53-ef77bfa33618] - page.onError - msg: TypeError: null is not an object (near '...*\/\*([^]*)\*\/\}$/)[1];...')

  phantomjs://platform/console++.js:263 in error
[ERROR - 2019-08-19T02:22:03.836Z] Session [b7ed8320-c227-11e9-ac53-ef77bfa33618] - page.onError - stack:
  (anonymous function) (https://cdn.bjdp2p.com/web/cn/17bjd/topfot/navHd.js?0.38666131924575065:89)
  c (https://cdn.bjdp2p.com/web/cn/images/index3/share/jquery-1.9.1.min.js:3)
  fireWith (https://cdn.bjdp2p.com/web/cn/images/index3/share/jquery-1.9.1.min.js:3)
  ready (https://cdn.bjdp2p.com/web/cn/images/index3/share/jquery-1.9.1.min.js:3)
  H (https://cdn.bjdp2p.com/web/cn/images/index3/share/jquery-1.9.1.min.js:3)

  phantomjs://platform/console++.js:263 in error
[ERROR - 2019-08-19T02:22:06.695Z] Session [b7ed8320-c227-11e9-ac53-ef77bfa33618] - page.onError - msg: TypeError: null is not an object (near '...*\/\*([^]*)\*\/\}$/)[1];...')

  phantomjs://platform/console++.js:263 in error
[ERROR - 2019-08-19T02:22:06.695Z] Session [b7ed8320-c227-11e9-ac53-ef77bfa33618] - page.onError - stack:
  (anonymous function) (https://cdn.bjdp2p.com/web/cn/17bjd/topfot/navHd.js?0.2923742112328287:89)
  c (https://cdn.bjdp2p.com/web/cn/images/index3/share/jquery-1.9.1.min.js:3)
  fireWith (https://cdn.bjdp2p.com/web/cn/images/index3/share/jquery-1.9.1.min.js:3)
  ready (https://cdn.bjdp2p.com/web/cn/images/index3/share/jquery-1.9.1.min.js:3)
  H (https://cdn.bjdp2p.com/web/cn/images/index3/share/jquery-1.9.1.min.js:3)

  phantomjs://platform/console++.js:263 in error
[ERROR - 2019-08-19T02:22:09.461Z] Session [b7ed8320-c227-11e9-ac53-ef77bfa33618] - page.onError - msg: TypeError: null is not an object (near '...*\/\*([^]*)\*\/\}$/)[1];...')

  phantomjs://platform/console++.js:263 in error
[ERROR - 2019-08-19T02:22:09.462Z] Session [b7ed8320-c227-11e9-ac53-ef77bfa33618] - page.onError - stack:
  (anonymous function) (https://cdn.bjdp2p.com/web/cn/17bjd/topfot/navHd.js?0.29180640509419264:89)
  c (https://cdn.bjdp2p.com/web/cn/images/index3/share/jquery-1.9.1.min.js:3)
  fireWith (https://cdn.bjdp2p.com/web/cn/images/index3/share/jquery-1.9.1.min.js:3)
  ready (https://cdn.bjdp2p.com/web/cn/images/index3/share/jquery-1.9.1.min.js:3)
  H (https://cdn.bjdp2p.com/web/cn/images/index3/share/jquery-1.9.1.min.js:3)

  phantomjs://platform/console++.js:263 in error
[ERROR - 2019-08-19T02:22:12.317Z] Session [b7ed8320-c227-11e9-ac53-ef77bfa33618] - page.onError - msg: TypeError: null is not an object (near '...*\/\*([^]*)\*\/\}$/)[1];...')

  phantomjs://platform/console++.js:263 in error
[ERROR - 2019-08-19T02:22:12.317Z] Session [b7ed8320-c227-11e9-ac53-ef77bfa33618] - page.onError - stack:
  (anonymous function) (https://cdn.bjdp2p.com/web/cn/17bjd/topfot/navHd.js?0.2954351205950484:89)
  c (https://cdn.bjdp2p.com/web/cn/images/index3/share/jquery-1.9.1.min.js:3)
  fireWith (https://cdn.bjdp2p.com/web/cn/images/index3/share/jquery-1.9.1.min.js:3)
  ready (https://cdn.bjdp2p.com/web/cn/images/index3/share/jquery-1.9.1.min.js:3)
  H (https://cdn.bjdp2p.com/web/cn/images/index3/share/jquery-1.9.1.min.js:3)

  phantomjs://platform/console++.js:263 in error
[ERROR - 2019-08-19T02:22:15.128Z] Session [b7ed8320-c227-11e9-ac53-ef77bfa33618] - page.onError - msg: TypeError: null is not an object (near '...*\/\*([^]*)\*\/\}$/)[1];...')

  phantomjs://platform/console++.js:263 in error
[ERROR - 2019-08-19T02:22:15.128Z] Session [b7ed8320-c227-11e9-ac53-ef77bfa33618] - page.onError - stack:
  (anonymous function) (https://cdn.bjdp2p.com/web/cn/17bjd/topfot/navHd.js?0.829958043382084:89)
  c (https://cdn.bjdp2p.com/web/cn/images/index3/share/jquery-1.9.1.min.js:3)
  fireWith (https://cdn.bjdp2p.com/web/cn/images/index3/share/jquery-1.9.1.min.js:3)
  ready (https://cdn.bjdp2p.com/web/cn/images/index3/share/jquery-1.9.1.min.js:3)
  H (https://cdn.bjdp2p.com/web/cn/images/index3/share/jquery-1.9.1.min.js:3)

  phantomjs://platform/console++.js:263 in error
[ERROR - 2019-08-19T02:22:17.956Z] Session [b7ed8320-c227-11e9-ac53-ef77bfa33618] - page.onError - msg: TypeError: null is not an object (near '...*\/\*([^]*)\*\/\}$/)[1];...')

  phantomjs://platform/console++.js:263 in error
[ERROR - 2019-08-19T02:22:17.956Z] Session [b7ed8320-c227-11e9-ac53-ef77bfa33618] - page.onError - stack:
  (anonymous function) (https://cdn.bjdp2p.com/web/cn/17bjd/topfot/navHd.js?0.2175821679910006:89)
  c (https://cdn.bjdp2p.com/web/cn/images/index3/share/jquery-1.9.1.min.js:3)
  fireWith (https://cdn.bjdp2p.com/web/cn/images/index3/share/jquery-1.9.1.min.js:3)
  ready (https://cdn.bjdp2p.com/web/cn/images/index3/share/jquery-1.9.1.min.js:3)
  H (https://cdn.bjdp2p.com/web/cn/images/index3/share/jquery-1.9.1.min.js:3)

  phantomjs://platform/console++.js:263 in error
[ERROR - 2019-08-19T02:22:20.678Z] Session [b7ed8320-c227-11e9-ac53-ef77bfa33618] - page.onError - msg: TypeError: null is not an object (near '...*\/\*([^]*)\*\/\}$/)[1];...')

  phantomjs://platform/console++.js:263 in error
[ERROR - 2019-08-19T02:22:20.679Z] Session [b7ed8320-c227-11e9-ac53-ef77bfa33618] - page.onError - stack:
  (anonymous function) (https://cdn.bjdp2p.com/web/cn/17bjd/topfot/navHd.js?0.6679874349108661:89)
  c (https://cdn.bjdp2p.com/web/cn/images/index3/share/jquery-1.9.1.min.js:3)
  fireWith (https://cdn.bjdp2p.com/web/cn/images/index3/share/jquery-1.9.1.min.js:3)
  ready (https://cdn.bjdp2p.com/web/cn/images/index3/share/jquery-1.9.1.min.js:3)
  H (https://cdn.bjdp2p.com/web/cn/images/index3/share/jquery-1.9.1.min.js:3)

  phantomjs://platform/console++.js:263 in error
[ERROR - 2019-08-19T02:22:23.699Z] Session [b7ed8320-c227-11e9-ac53-ef77bfa33618] - page.onError - msg: TypeError: null is not an object (near '...*\/\*([^]*)\*\/\}$/)[1];...')

  phantomjs://platform/console++.js:263 in error
[ERROR - 2019-08-19T02:22:23.699Z] Session [b7ed8320-c227-11e9-ac53-ef77bfa33618] - page.onError - stack:
  (anonymous function) (https://cdn.bjdp2p.com/web/cn/17bjd/topfot/navHd.js?0.06838083244241311:89)
  c (https://cdn.bjdp2p.com/web/cn/images/index3/share/jquery-1.9.1.min.js:3)
  fireWith (https://cdn.bjdp2p.com/web/cn/images/index3/share/jquery-1.9.1.min.js:3)
  ready (https://cdn.bjdp2p.com/web/cn/images/index3/share/jquery-1.9.1.min.js:3)
  H (https://cdn.bjdp2p.com/web/cn/images/index3/share/jquery-1.9.1.min.js:3)

  phantomjs://platform/console++.js:263 in error
[ERROR - 2019-08-19T02:22:26.454Z] Session [b7ed8320-c227-11e9-ac53-ef77bfa33618] - page.onError - msg: TypeError: null is not an object (near '...*\/\*([^]*)\*\/\}$/)[1];...')

  phantomjs://platform/console++.js:263 in error
[ERROR - 2019-08-19T02:22:26.454Z] Session [b7ed8320-c227-11e9-ac53-ef77bfa33618] - page.onError - stack:
  (anonymous function) (https://cdn.bjdp2p.com/web/cn/17bjd/topfot/navHd.js?0.21892708775997105:89)
  c (https://cdn.bjdp2p.com/web/cn/images/index3/share/jquery-1.9.1.min.js:3)
  fireWith (https://cdn.bjdp2p.com/web/cn/images/index3/share/jquery-1.9.1.min.js:3)
  ready (https://cdn.bjdp2p.com/web/cn/images/index3/share/jquery-1.9.1.min.js:3)
  H (https://cdn.bjdp2p.com/web/cn/images/index3/share/jquery-1.9.1.min.js:3)

  phantomjs://platform/console++.js:263 in error
[ERROR - 2019-08-19T02:22:29.270Z] Session [b7ed8320-c227-11e9-ac53-ef77bfa33618] - page.onError - msg: TypeError: null is not an object (near '...*\/\*([^]*)\*\/\}$/)[1];...')

  phantomjs://platform/console++.js:263 in error
[ERROR - 2019-08-19T02:22:29.271Z] Session [b7ed8320-c227-11e9-ac53-ef77bfa33618] - page.onError - stack:
  (anonymous function) (https://cdn.bjdp2p.com/web/cn/17bjd/topfot/navHd.js?0.729004390847491:89)
  c (https://cdn.bjdp2p.com/web/cn/images/index3/share/jquery-1.9.1.min.js:3)
  fireWith (https://cdn.bjdp2p.com/web/cn/images/index3/share/jquery-1.9.1.min.js:3)
  ready (https://cdn.bjdp2p.com/web/cn/images/index3/share/jquery-1.9.1.min.js:3)
  H (https://cdn.bjdp2p.com/web/cn/images/index3/share/jquery-1.9.1.min.js:3)

  phantomjs://platform/console++.js:263 in error
[ERROR - 2019-08-19T02:22:32.100Z] Session [b7ed8320-c227-11e9-ac53-ef77bfa33618] - page.onError - msg: TypeError: null is not an object (near '...*\/\*([^]*)\*\/\}$/)[1];...')

  phantomjs://platform/console++.js:263 in error
[ERROR - 2019-08-19T02:22:32.100Z] Session [b7ed8320-c227-11e9-ac53-ef77bfa33618] - page.onError - stack:
  (anonymous function) (https://cdn.bjdp2p.com/web/cn/17bjd/topfot/navHd.js?0.09270567518942929:89)
  c (https://cdn.bjdp2p.com/web/cn/images/index3/share/jquery-1.9.1.min.js:3)
  fireWith (https://cdn.bjdp2p.com/web/cn/images/index3/share/jquery-1.9.1.min.js:3)
  ready (https://cdn.bjdp2p.com/web/cn/images/index3/share/jquery-1.9.1.min.js:3)
  H (https://cdn.bjdp2p.com/web/cn/images/index3/share/jquery-1.9.1.min.js:3)

  phantomjs://platform/console++.js:263 in error
[ERROR - 2019-08-19T02:22:34.908Z] Session [b7ed8320-c227-11e9-ac53-ef77bfa33618] - page.onError - msg: TypeError: null is not an object (near '...*\/\*([^]*)\*\/\}$/)[1];...')

  phantomjs://platform/console++.js:263 in error
[ERROR - 2019-08-19T02:22:34.908Z] Session [b7ed8320-c227-11e9-ac53-ef77bfa33618] - page.onError - stack:
  (anonymous function) (https://cdn.bjdp2p.com/web/cn/17bjd/topfot/navHd.js?0.016054737281704035:89)
  c (https://cdn.bjdp2p.com/web/cn/images/index3/share/jquery-1.9.1.min.js:3)
  fireWith (https://cdn.bjdp2p.com/web/cn/images/index3/share/jquery-1.9.1.min.js:3)
  ready (https://cdn.bjdp2p.com/web/cn/images/index3/share/jquery-1.9.1.min.js:3)
  H (https://cdn.bjdp2p.com/web/cn/images/index3/share/jquery-1.9.1.min.js:3)

  phantomjs://platform/console++.js:263 in error
[ERROR - 2019-08-19T02:22:37.725Z] Session [b7ed8320-c227-11e9-ac53-ef77bfa33618] - page.onError - msg: TypeError: null is not an object (near '...*\/\*([^]*)\*\/\}$/)[1];...')

  phantomjs://platform/console++.js:263 in error
[ERROR - 2019-08-19T02:22:37.725Z] Session [b7ed8320-c227-11e9-ac53-ef77bfa33618] - page.onError - stack:
  (anonymous function) (https://cdn.bjdp2p.com/web/cn/17bjd/topfot/navHd.js?0.24856689297819778:89)
  c (https://cdn.bjdp2p.com/web/cn/images/index3/share/jquery-1.9.1.min.js:3)
  fireWith (https://cdn.bjdp2p.com/web/cn/images/index3/share/jquery-1.9.1.min.js:3)
  ready (https://cdn.bjdp2p.com/web/cn/images/index3/share/jquery-1.9.1.min.js:3)
  H (https://cdn.bjdp2p.com/web/cn/images/index3/share/jquery-1.9.1.min.js:3)

  phantomjs://platform/console++.js:263 in error
[ERROR - 2019-08-19T02:22:40.385Z] Session [b7ed8320-c227-11e9-ac53-ef77bfa33618] - page.onError - msg: TypeError: null is not an object (near '...*\/\*([^]*)\*\/\}$/)[1];...')

  phantomjs://platform/console++.js:263 in error
[ERROR - 2019-08-19T02:22:40.385Z] Session [b7ed8320-c227-11e9-ac53-ef77bfa33618] - page.onError - stack:
  (anonymous function) (https://cdn.bjdp2p.com/web/cn/17bjd/topfot/navHd.js?0.30456300944472536:89)
  c (https://cdn.bjdp2p.com/web/cn/images/index3/share/jquery-1.9.1.min.js:3)
  fireWith (https://cdn.bjdp2p.com/web/cn/images/index3/share/jquery-1.9.1.min.js:3)
  ready (https://cdn.bjdp2p.com/web/cn/images/index3/share/jquery-1.9.1.min.js:3)
  H (https://cdn.bjdp2p.com/web/cn/images/index3/share/jquery-1.9.1.min.js:3)

  phantomjs://platform/console++.js:263 in error
[ERROR - 2019-08-19T02:22:43.242Z] Session [b7ed8320-c227-11e9-ac53-ef77bfa33618] - page.onError - msg: TypeError: null is not an object (near '...*\/\*([^]*)\*\/\}$/)[1];...')

  phantomjs://platform/console++.js:263 in error
[ERROR - 2019-08-19T02:22:43.242Z] Session [b7ed8320-c227-11e9-ac53-ef77bfa33618] - page.onError - stack:
  (anonymous function) (https://cdn.bjdp2p.com/web/cn/17bjd/topfot/navHd.js?0.5493774350449929:89)
  c (https://cdn.bjdp2p.com/web/cn/images/index3/share/jquery-1.9.1.min.js:3)
  fireWith (https://cdn.bjdp2p.com/web/cn/images/index3/share/jquery-1.9.1.min.js:3)
  ready (https://cdn.bjdp2p.com/web/cn/images/index3/share/jquery-1.9.1.min.js:3)
  H (https://cdn.bjdp2p.com/web/cn/images/index3/share/jquery-1.9.1.min.js:3)

  phantomjs://platform/console++.js:263 in error
[ERROR - 2019-08-19T02:22:46.461Z] Session [b7ed8320-c227-11e9-ac53-ef77bfa33618] - page.onError - msg: TypeError: null is not an object (near '...*\/\*([^]*)\*\/\}$/)[1];...')

  phantomjs://platform/console++.js:263 in error
[ERROR - 2019-08-19T02:22:46.461Z] Session [b7ed8320-c227-11e9-ac53-ef77bfa33618] - page.onError - stack:
  (anonymous function) (https://cdn.bjdp2p.com/web/cn/17bjd/topfot/navHd.js?0.631234193675719:89)
  c (https://cdn.bjdp2p.com/web/cn/images/index3/share/jquery-1.9.1.min.js:3)
  fireWith (https://cdn.bjdp2p.com/web/cn/images/index3/share/jquery-1.9.1.min.js:3)
  ready (https://cdn.bjdp2p.com/web/cn/images/index3/share/jquery-1.9.1.min.js:3)
  H (https://cdn.bjdp2p.com/web/cn/images/index3/share/jquery-1.9.1.min.js:3)

  phantomjs://platform/console++.js:263 in error
[ERROR - 2019-08-19T02:22:49.346Z] Session [b7ed8320-c227-11e9-ac53-ef77bfa33618] - page.onError - msg: TypeError: null is not an object (near '...*\/\*([^]*)\*\/\}$/)[1];...')

  phantomjs://platform/console++.js:263 in error
[ERROR - 2019-08-19T02:22:49.346Z] Session [b7ed8320-c227-11e9-ac53-ef77bfa33618] - page.onError - stack:
  (anonymous function) (https://cdn.bjdp2p.com/web/cn/17bjd/topfot/navHd.js?0.18639141802191384:89)
  c (https://cdn.bjdp2p.com/web/cn/images/index3/share/jquery-1.9.1.min.js:3)
  fireWith (https://cdn.bjdp2p.com/web/cn/images/index3/share/jquery-1.9.1.min.js:3)
  ready (https://cdn.bjdp2p.com/web/cn/images/index3/share/jquery-1.9.1.min.js:3)
  H (https://cdn.bjdp2p.com/web/cn/images/index3/share/jquery-1.9.1.min.js:3)

  phantomjs://platform/console++.js:263 in error
[ERROR - 2019-08-19T02:22:52.161Z] Session [b7ed8320-c227-11e9-ac53-ef77bfa33618] - page.onError - msg: TypeError: null is not an object (near '...*\/\*([^]*)\*\/\}$/)[1];...')

  phantomjs://platform/console++.js:263 in error
[ERROR - 2019-08-19T02:22:52.161Z] Session [b7ed8320-c227-11e9-ac53-ef77bfa33618] - page.onError - stack:
  (anonymous function) (https://cdn.bjdp2p.com/web/cn/17bjd/topfot/navHd.js?0.3341081982969809:89)
  c (https://cdn.bjdp2p.com/web/cn/images/index3/share/jquery-1.9.1.min.js:3)
  fireWith (https://cdn.bjdp2p.com/web/cn/images/index3/share/jquery-1.9.1.min.js:3)
  ready (https://cdn.bjdp2p.com/web/cn/images/index3/share/jquery-1.9.1.min.js:3)
  H (https://cdn.bjdp2p.com/web/cn/images/index3/share/jquery-1.9.1.min.js:3)

  phantomjs://platform/console++.js:263 in error
[ERROR - 2019-08-19T02:22:55.067Z] Session [b7ed8320-c227-11e9-ac53-ef77bfa33618] - page.onError - msg: TypeError: null is not an object (near '...*\/\*([^]*)\*\/\}$/)[1];...')

  phantomjs://platform/console++.js:263 in error
[ERROR - 2019-08-19T02:22:55.067Z] Session [b7ed8320-c227-11e9-ac53-ef77bfa33618] - page.onError - stack:
  (anonymous function) (https://cdn.bjdp2p.com/web/cn/17bjd/topfot/navHd.js?0.4351673449755863:89)
  c (https://cdn.bjdp2p.com/web/cn/images/index3/share/jquery-1.9.1.min.js:3)
  fireWith (https://cdn.bjdp2p.com/web/cn/images/index3/share/jquery-1.9.1.min.js:3)
  ready (https://cdn.bjdp2p.com/web/cn/images/index3/share/jquery-1.9.1.min.js:3)
  H (https://cdn.bjdp2p.com/web/cn/images/index3/share/jquery-1.9.1.min.js:3)

  phantomjs://platform/console++.js:263 in error
[ERROR - 2019-08-19T02:22:58.006Z] Session [b7ed8320-c227-11e9-ac53-ef77bfa33618] - page.onError - msg: TypeError: null is not an object (near '...*\/\*([^]*)\*\/\}$/)[1];...')

  phantomjs://platform/console++.js:263 in error
[ERROR - 2019-08-19T02:22:58.006Z] Session [b7ed8320-c227-11e9-ac53-ef77bfa33618] - page.onError - stack:
  (anonymous function) (https://cdn.bjdp2p.com/web/cn/17bjd/topfot/navHd.js?0.48114809677693327:89)
  c (https://cdn.bjdp2p.com/web/cn/images/index3/share/jquery-1.9.1.min.js:3)
  fireWith (https://cdn.bjdp2p.com/web/cn/images/index3/share/jquery-1.9.1.min.js:3)
  ready (https://cdn.bjdp2p.com/web/cn/images/index3/share/jquery-1.9.1.min.js:3)
  H (https://cdn.bjdp2p.com/web/cn/images/index3/share/jquery-1.9.1.min.js:3)

  phantomjs://platform/console++.js:263 in error
[ERROR - 2019-08-19T02:23:00.794Z] Session [b7ed8320-c227-11e9-ac53-ef77bfa33618] - page.onError - msg: TypeError: null is not an object (near '...*\/\*([^]*)\*\/\}$/)[1];...')

  phantomjs://platform/console++.js:263 in error
[ERROR - 2019-08-19T02:23:00.794Z] Session [b7ed8320-c227-11e9-ac53-ef77bfa33618] - page.onError - stack:
  (anonymous function) (https://cdn.bjdp2p.com/web/cn/17bjd/topfot/navHd.js?0.43108862143153615:89)
  c (https://cdn.bjdp2p.com/web/cn/images/index3/share/jquery-1.9.1.min.js:3)
  fireWith (https://cdn.bjdp2p.com/web/cn/images/index3/share/jquery-1.9.1.min.js:3)
  ready (https://cdn.bjdp2p.com/web/cn/images/index3/share/jquery-1.9.1.min.js:3)
  H (https://cdn.bjdp2p.com/web/cn/images/index3/share/jquery-1.9.1.min.js:3)

  phantomjs://platform/console++.js:263 in error
[ERROR - 2019-08-19T02:23:03.734Z] Session [b7ed8320-c227-11e9-ac53-ef77bfa33618] - page.onError - msg: TypeError: null is not an object (near '...*\/\*([^]*)\*\/\}$/)[1];...')

  phantomjs://platform/console++.js:263 in error
[ERROR - 2019-08-19T02:23:03.734Z] Session [b7ed8320-c227-11e9-ac53-ef77bfa33618] - page.onError - stack:
  (anonymous function) (https://cdn.bjdp2p.com/web/cn/17bjd/topfot/navHd.js?0.24593934241716098:89)
  c (https://cdn.bjdp2p.com/web/cn/images/index3/share/jquery-1.9.1.min.js:3)
  fireWith (https://cdn.bjdp2p.com/web/cn/images/index3/share/jquery-1.9.1.min.js:3)
  ready (https://cdn.bjdp2p.com/web/cn/images/index3/share/jquery-1.9.1.min.js:3)
  H (https://cdn.bjdp2p.com/web/cn/images/index3/share/jquery-1.9.1.min.js:3)

  phantomjs://platform/console++.js:263 in error
[INFO  - 2019-08-19T02:24:03.780Z] SessionManagerReqHand - _cleanupWindowlessSessions - Asynchronous Sessions clean-up phase starting NOW
[INFO  - 2019-08-19T02:24:03.781Z] SessionManagerReqHand - _cleanupWindowlessSessions - Deleted Session 'b7ed8320-c227-11e9-ac53-ef77bfa33618', because windowless
